TN:
SF:/usr/include/c++/4.9/iostream
DA:74,1
LF:1
LH:1
end_of_record
SF:/home/gsd/work/zolix/tanfolyam/Nng/work/gmock/mytests/22/res/test1.cpp
FN:3,_Z2f1v
FN:10,_Z2f2i
FN:20,_Z2f3i
FN:26,_Z2f4i
FN:42,main
FN:47,_GLOBAL__sub_I__Z2f1v
FN:47,_Z41__static_initialization_and_destruction_0ii
FNDA:1,_Z2f1v
FNDA:1,_Z2f2i
FNDA:1,_Z2f3i
FNDA:1,_Z2f4i
FNDA:1,main
FNDA:1,_GLOBAL__sub_I__Z2f1v
FNDA:1,_Z41__static_initialization_and_destruction_0ii
FNF:7
FNH:7
DA:3,1
DA:5,1
DA:6,1
DA:7,1
DA:10,1
DA:12,1
DA:13,1
DA:15,1
DA:17,1
DA:20,1
DA:22,1
DA:26,1
DA:28,1
DA:30,0
DA:31,0
DA:33,1
DA:35,0
DA:37,0
DA:38,0
DA:39,1
DA:42,1
DA:44,1
DA:45,1
DA:46,1
DA:47,4
LF:25
LH:20
end_of_record
